[2026-02-16 02:45:00] INFO - Payment gateway started
[2026-02-16 02:45:01] INFO - Configuration loaded successfully
[2026-02-16 02:45:02] INFO - Database connection established
[2026-02-16 02:46:30] INFO - Processing transaction TXN_12847
[2026-02-16 02:46:31] INFO - Transaction TXN_12847 completed successfully
[2026-02-16 02:47:10] WARNING - High traffic detected: 1500 req/sec
[2026-02-16 02:47:12] ERROR - Transaction validation failed: Payment object is None
[2026-02-16 02:47:13] CRITICAL - NoneType object has no attribute 'amount'
[2026-02-16 02:47:13] ERROR - Stack trace dumped to stack_trace.txt
[2026-02-16 02:47:14] ERROR - Transaction ID None rejected
[2026-02-16 02:47:14] WARNING - Retry attempt 1/3 failed
[2026-02-16 02:47:15] FATAL - Invalid config: API_TIMEOUT must be numeric, got string
[2026-02-16 02:47:15] ERROR - Type comparison failed: '30' > 10
[2026-02-16 02:47:16] ERROR - Negative transaction amount detected: -1500.00
[2026-02-16 02:47:16] WARNING - Transaction rollback not implemented
[2026-02-16 02:47:17] ERROR - 47 transactions failed in last 10 seconds
[2026-02-16 02:47:18] CRASH - System shutdown initiated due to critical errors
[2026-02-16 02:47:18] INFO - Emergency log dump completed
[2026-02-16 02:47:19] INFO - System offline

ROOT CAUSE ANALYSIS:
1. Null payment objects from failed API calls
2. Configuration type mismatch (string vs int)
3. Missing input validation for amounts
4. No transaction rollback mechanism
5. Poor error handling losing context
